This file contains any messages produced by compilers while
running configure, to aid debugging if configure makes a mistake.

It was created by libchewing configure 0.3.2, which was
generated by GNU Autoconf 2.61.  Invocation command line was

  $ ./configure 

## --------- ##
## Platform. ##
## --------- ##

hostname = [Gentoo]Glider-PC
uname -m = i686
uname -r = 2.6.35-gentoo-r4
uname -s = Linux
uname -v = #2 SMP Tue Aug 31 18:38:14 Local time zone must be set--see zic 

/usr/bin/uname -p = AMD Phenom(tm) 9750 Quad-Core Processor
/bin/uname -X     = unknown

/bin/arch              = unknown
/usr/bin/arch -k       = unknown
/usr/convex/getsysinfo = unknown
/usr/bin/hostinfo      = unknown
/bin/machine           = unknown
/usr/bin/oslevel       = unknown
/bin/universe          = unknown

PATH: /usr/local/bin
PATH: /usr/bin
PATH: /bin
PATH: /opt/bin
PATH: /usr/i686-pc-linux-gnu/gcc-bin/4.4.3
PATH: /usr/lib/subversion/bin
PATH: /opt/wine-git/bin
PATH: /opt/crosstool/gcc-4.1.0-glibc-2.3.2/arm-linux/bin


## ----------- ##
## Core tests. ##
## ----------- ##

configure:2033: checking for a BSD-compatible install
configure:2089: result: /usr/bin/install -c
configure:2100: checking whether build environment is sane
configure:2143: result: yes
configure:2171: checking for a thread-safe mkdir -p
configure:2210: result: /bin/mkdir -p
configure:2223: checking for gawk
configure:2239: found /usr/bin/gawk
configure:2250: result: gawk
configure:2261: checking whether make sets $(MAKE)
configure:2282: result: yes
configure:2510: checking build system type
configure:2528: result: i686-pc-linux-gnu
configure:2550: checking host system type
configure:2565: result: i686-pc-linux-gnu
configure:2599: checking for style of include used by make
configure:2627: result: GNU
configure:2697: checking for gcc
configure:2713: found /usr/bin/gcc
configure:2724: result: gcc
configure:2962: checking for C compiler version
configure:2969: gcc --version >&5
gcc (Gentoo 4.4.3-r2 p1.2) 4.4.3
Copyright (C) 2010 Free Software Foundation, Inc.
This is free software; see the source for copying conditions.  There is NO
warranty; not even for MERCHANTABILITY or FITNESS FOR A PARTICULAR PURPOSE.

configure:2972: $? = 0
configure:2979: gcc -v >&5
Using built-in specs.
Target: i686-pc-linux-gnu
Configured with: /var/tmp/portage/sys-devel/gcc-4.4.3-r2/work/gcc-4.4.3/configure --prefix=/usr --bindir=/usr/i686-pc-linux-gnu/gcc-bin/4.4.3 --includedir=/usr/lib/gcc/i686-pc-linux-gnu/4.4.3/include --datadir=/usr/share/gcc-data/i686-pc-linux-gnu/4.4.3 --mandir=/usr/share/gcc-data/i686-pc-linux-gnu/4.4.3/man --infodir=/usr/share/gcc-data/i686-pc-linux-gnu/4.4.3/info --with-gxx-include-dir=/usr/lib/gcc/i686-pc-linux-gnu/4.4.3/include/g++-v4 --host=i686-pc-linux-gnu --build=i686-pc-linux-gnu --disable-altivec --disable-fixed-point --without-ppl --without-cloog --enable-nls --without-included-gettext --with-system-zlib --disable-werror --enable-secureplt --disable-multilib --enable-libmudflap --disable-libssp --enable-libgomp --with-python-dir=/share/gcc-data/i686-pc-linux-gnu/4.4.3/python --enable-checking=release --disable-libgcj --with-arch=i686 --enable-languages=c,c++,fortran --enable-shared --enable-threads=posix --enable-__cxa_atexit --enable-clocale=gnu --with-bugurl=http://bugs.gentoo.org/ --with-pkgversion='Gentoo 4.4.3-r2 p1.2'
Thread model: posix
gcc version 4.4.3 (Gentoo 4.4.3-r2 p1.2) 
configure:2982: $? = 0
configure:2989: gcc -V >&5
gcc: '-V' option must have argument
configure:2992: $? = 1
configure:3015: checking for C compiler default output file name
configure:3042: gcc    conftest.c  >&5
configure:3045: $? = 0
configure:3083: result: a.out
configure:3100: checking whether the C compiler works
configure:3110: ./a.out
configure:3113: $? = 0
configure:3130: result: yes
configure:3137: checking whether we are cross compiling
configure:3139: result: no
configure:3142: checking for suffix of executables
configure:3149: gcc -o conftest    conftest.c  >&5
configure:3152: $? = 0
configure:3176: result: 
configure:3182: checking for suffix of object files
configure:3208: gcc -c   conftest.c >&5
configure:3211: $? = 0
configure:3234: result: o
configure:3238: checking whether we are using the GNU C compiler
configure:3267: gcc -c   conftest.c >&5
configure:3273: $? = 0
configure:3290: result: yes
configure:3295: checking whether gcc accepts -g
configure:3325: gcc -c -g  conftest.c >&5
configure:3331: $? = 0
configure:3430: result: yes
configure:3447: checking for gcc option to accept ISO C89
configure:3521: gcc  -c -g -O2  conftest.c >&5
configure:3527: $? = 0
configure:3550: result: none needed
configure:3570: checking dependency style of gcc
configure:3661: result: gcc3
configure:3676: checking for a sed that does not truncate output
configure:3755: result: /bin/sed
configure:3773: checking for grep that handles long lines and -e
configure:3847: result: /bin/grep
configure:3852: checking for egrep
configure:3930: result: /bin/grep -E
configure:3935: checking for fgrep
configure:4013: result: /bin/grep -F
configure:4048: checking for ld used by gcc
configure:4115: result: /usr/i686-pc-linux-gnu/bin/ld
configure:4124: checking if the linker (/usr/i686-pc-linux-gnu/bin/ld) is GNU ld
configure:4139: result: yes
configure:4151: checking for BSD- or MS-compatible name lister (nm)
configure:4200: result: /usr/bin/nm -B
configure:4322: checking the name lister (/usr/bin/nm -B) interface
configure:4329: gcc -c -g -O2  conftest.c >&5
configure:4332: /usr/bin/nm -B "conftest.o"
configure:4335: output
00000000 B some_variable
configure:4342: result: BSD nm
configure:4345: checking whether ln -s works
configure:4349: result: yes
configure:4357: checking the maximum length of command line arguments
configure:4477: result: 1572864
configure:4494: checking whether the shell understands some XSI constructs
configure:4502: result: yes
configure:4506: checking whether the shell understands "+="
configure:4512: result: yes
configure:4547: checking for /usr/i686-pc-linux-gnu/bin/ld option to reload object files
configure:4554: result: -r
configure:4581: checking how to recognize dependent libraries
configure:4771: result: pass_all
configure:4831: checking for ar
configure:4847: found /usr/bin/ar
configure:4858: result: ar
configure:4940: checking for strip
configure:4956: found /usr/bin/strip
configure:4967: result: strip
configure:5043: checking for ranlib
configure:5059: found /usr/bin/ranlib
configure:5070: result: ranlib
configure:5164: checking command to parse /usr/bin/nm -B output from gcc object
configure:5282: gcc -c -g -O2  conftest.c >&5
configure:5285: $? = 0
configure:5289: /usr/bin/nm -B conftest.o \| sed -n -e 's/^.*[	 ]\([ABCDGIRSTW][ABCDGIRSTW]*\)[	 ][	 ]*\([_A-Za-z][_A-Za-z0-9]*\)$/\1 \2 \2/p' \> conftest.nm
configure:5292: $? = 0
configure:5346: gcc -o conftest -g -O2   conftest.c conftstm.o >&5
configure:5349: $? = 0
configure:5387: result: ok
configure:5963: checking how to run the C preprocessor
configure:6003: gcc -E  conftest.c
configure:6009: $? = 0
configure:6040: gcc -E  conftest.c
conftest.c:12:28: error: ac_nonexistent.h: No such file or directory
configure:6046: $? = 1
configure: failed program was:
| /* confdefs.h.  */
| #define PACKAGE_NAME "libchewing"
| #define PACKAGE_TARNAME "libchewing"
| #define PACKAGE_VERSION "0.3.2"
| #define PACKAGE_STRING "libchewing 0.3.2"
| #define PACKAGE_BUGREPORT "chewing-devel@googlegroups.com"
| #define LIBCHEWING_BINARY_VERSION "1.0.0"
| #define LIBCHEWING_VERSION "0.3.2"
| #define PACKAGE "libchewing"
| #define VERSION "0.3.2"
| /* end confdefs.h.  */
| #include <ac_nonexistent.h>
configure:6079: result: gcc -E
configure:6108: gcc -E  conftest.c
configure:6114: $? = 0
configure:6145: gcc -E  conftest.c
conftest.c:12:28: error: ac_nonexistent.h: No such file or directory
configure:6151: $? = 1
configure: failed program was:
| /* confdefs.h.  */
| #define PACKAGE_NAME "libchewing"
| #define PACKAGE_TARNAME "libchewing"
| #define PACKAGE_VERSION "0.3.2"
| #define PACKAGE_STRING "libchewing 0.3.2"
| #define PACKAGE_BUGREPORT "chewing-devel@googlegroups.com"
| #define LIBCHEWING_BINARY_VERSION "1.0.0"
| #define LIBCHEWING_VERSION "0.3.2"
| #define PACKAGE "libchewing"
| #define VERSION "0.3.2"
| /* end confdefs.h.  */
| #include <ac_nonexistent.h>
configure:6189: checking for ANSI C header files
configure:6219: gcc -c -g -O2  conftest.c >&5
configure:6225: $? = 0
configure:6324: gcc -o conftest -g -O2   conftest.c  >&5
configure:6327: $? = 0
configure:6333: ./conftest
configure:6336: $? = 0
configure:6353: result: yes
configure:6377: checking for sys/types.h
configure:6398: gcc -c -g -O2  conftest.c >&5
configure:6404: $? = 0
configure:6420: result: yes
configure:6377: checking for sys/stat.h
configure:6398: gcc -c -g -O2  conftest.c >&5
configure:6404: $? = 0
configure:6420: result: yes
configure:6377: checking for stdlib.h
configure:6398: gcc -c -g -O2  conftest.c >&5
configure:6404: $? = 0
configure:6420: result: yes
configure:6377: checking for string.h
configure:6398: gcc -c -g -O2  conftest.c >&5
configure:6404: $? = 0
configure:6420: result: yes
configure:6377: checking for memory.h
configure:6398: gcc -c -g -O2  conftest.c >&5
configure:6404: $? = 0
configure:6420: result: yes
configure:6377: checking for strings.h
configure:6398: gcc -c -g -O2  conftest.c >&5
configure:6404: $? = 0
configure:6420: result: yes
configure:6377: checking for inttypes.h
configure:6398: gcc -c -g -O2  conftest.c >&5
configure:6404: $? = 0
configure:6420: result: yes
configure:6377: checking for stdint.h
configure:6398: gcc -c -g -O2  conftest.c >&5
configure:6404: $? = 0
configure:6420: result: yes
configure:6377: checking for unistd.h
configure:6398: gcc -c -g -O2  conftest.c >&5
configure:6404: $? = 0
configure:6420: result: yes
configure:6436: checking for dlfcn.h
configure:6457: gcc -c -g -O2  conftest.c >&5
configure:6463: $? = 0
configure:6479: result: yes
configure:6661: checking for objdir
configure:6676: result: .libs
configure:6968: checking if gcc supports -fno-rtti -fno-exceptions
configure:6986: gcc -c -g -O2  -fno-rtti -fno-exceptions conftest.c >&5
cc1: warning: command line option "-fno-rtti" is valid for C++/ObjC++ but not for C
configure:6990: $? = 0
configure:7003: result: no
configure:7023: checking for gcc option to produce PIC
configure:7280: result: -fPIC -DPIC
configure:7292: checking if gcc PIC flag -fPIC -DPIC works
configure:7310: gcc -c -g -O2  -fPIC -DPIC -DPIC conftest.c >&5
configure:7314: $? = 0
configure:7327: result: yes
configure:7351: checking if gcc static flag -static works
configure:7379: result: yes
configure:7394: checking if gcc supports -c -o file.o
configure:7415: gcc -c -g -O2  -o out/conftest2.o conftest.c >&5
configure:7419: $? = 0
configure:7441: result: yes
configure:7449: checking if gcc supports -c -o file.o
configure:7496: result: yes
configure:7529: checking whether the gcc linker (/usr/i686-pc-linux-gnu/bin/ld) supports shared libraries
configure:8584: result: yes
configure:8621: checking whether -lc should be explicitly linked in
configure:8626: gcc -c -g -O2  conftest.c >&5
configure:8629: $? = 0
configure:8644: gcc -shared conftest.o  -v -Wl,-soname -Wl,conftest -o conftest 2\>\&1 \| /bin/grep  -lc  \>/dev/null 2\>\&1
configure:8647: $? = 0
configure:8659: result: no
configure:8823: checking dynamic linker characteristics
configure:9266: gcc -o conftest -g -O2   -Wl,-rpath -Wl,/foo conftest.c  >&5
configure:9272: $? = 0
configure:9514: result: GNU/Linux ld.so
configure:9616: checking how to hardcode library paths into programs
configure:9641: result: immediate
configure:9760: checking for shl_load
configure:9816: gcc -o conftest -g -O2   conftest.c  >&5
/tmp/ccZ11jhe.o: In function `main':
/home/king/opensource/citc/conftest.c:58: undefined reference to `shl_load'
collect2: ld returned 1 exit status
configure:9822: $? = 1
configure: failed program was:
| /* confdefs.h.  */
| #define PACKAGE_NAME "libchewing"
| #define PACKAGE_TARNAME "libchewing"
| #define PACKAGE_VERSION "0.3.2"
| #define PACKAGE_STRING "libchewing 0.3.2"
| #define PACKAGE_BUGREPORT "chewing-devel@googlegroups.com"
| #define LIBCHEWING_BINARY_VERSION "1.0.0"
| #define LIBCHEWING_VERSION "0.3.2"
| #define PACKAGE "libchewing"
| #define VERSION "0.3.2"
| #define STDC_HEADERS 1
| #define HAVE_SYS_TYPES_H 1
| #define HAVE_SYS_STAT_H 1
| #define HAVE_STDLIB_H 1
| #define HAVE_STRING_H 1
| #define HAVE_MEMORY_H 1
| #define HAVE_STRINGS_H 1
| #define HAVE_INTTYPES_H 1
| #define HAVE_STDINT_H 1
| #define HAVE_UNISTD_H 1
| #define HAVE_DLFCN_H 1
| #define LT_OBJDIR ".libs/"
| /* end confdefs.h.  */
| /* Define shl_load to an innocuous variant, in case <limits.h> declares shl_load.
|    For example, HP-UX 11i <limits.h> declares gettimeofday.  */
| #define shl_load innocuous_shl_load
| 
| /* System header to define __stub macros and hopefully few prototypes,
|     which can conflict with char shl_load (); below.
|     Prefer <limits.h> to <assert.h> if __STDC__ is defined, since
|     <limits.h> exists even on freestanding compilers.  */
| 
| #ifdef __STDC__
| # include <limits.h>
| #else
| # include <assert.h>
| #endif
| 
| #undef shl_load
| 
| /* Override any GCC internal prototype to avoid an error.
|    Use char because int might match the return type of a GCC
|    builtin and then its argument prototype would still apply.  */
| #ifdef __cplusplus
| extern "C"
| #endif
| char shl_load ();
| /* The GNU C library defines this for functions which it implements
|     to always fail with ENOSYS.  Some functions are actually named
|     something starting with __ and the normal name is an alias.  */
| #if defined __stub_shl_load || defined __stub___shl_load
| choke me
| #endif
| 
| int
| main ()
| {
| return shl_load ();
|   ;
|   return 0;
| }
configure:9839: result: no
configure:9844: checking for shl_load in -ldld
configure:9879: gcc -o conftest -g -O2   conftest.c -ldld -lcurl -lyajl  >&5
/usr/lib/gcc/i686-pc-linux-gnu/4.4.3/../../../../i686-pc-linux-gnu/bin/ld: cannot find -ldld
collect2: ld returned 1 exit status
configure:9885: $? = 1
configure: failed program was:
| /* confdefs.h.  */
| #define PACKAGE_NAME "libchewing"
| #define PACKAGE_TARNAME "libchewing"
| #define PACKAGE_VERSION "0.3.2"
| #define PACKAGE_STRING "libchewing 0.3.2"
| #define PACKAGE_BUGREPORT "chewing-devel@googlegroups.com"
| #define LIBCHEWING_BINARY_VERSION "1.0.0"
| #define LIBCHEWING_VERSION "0.3.2"
| #define PACKAGE "libchewing"
| #define VERSION "0.3.2"
| #define STDC_HEADERS 1
| #define HAVE_SYS_TYPES_H 1
| #define HAVE_SYS_STAT_H 1
| #define HAVE_STDLIB_H 1
| #define HAVE_STRING_H 1
| #define HAVE_MEMORY_H 1
| #define HAVE_STRINGS_H 1
| #define HAVE_INTTYPES_H 1
| #define HAVE_STDINT_H 1
| #define HAVE_UNISTD_H 1
| #define HAVE_DLFCN_H 1
| #define LT_OBJDIR ".libs/"
| /* end confdefs.h.  */
| 
| /* Override any GCC internal prototype to avoid an error.
|    Use char because int might match the return type of a GCC
|    builtin and then its argument prototype would still apply.  */
| #ifdef __cplusplus
| extern "C"
| #endif
| char shl_load ();
| int
| main ()
| {
| return shl_load ();
|   ;
|   return 0;
| }
configure:9903: result: no
configure:9908: checking for dlopen
configure:9964: gcc -o conftest -g -O2   conftest.c  >&5
/tmp/ccCpwX0h.o: In function `main':
/home/king/opensource/citc/conftest.c:58: undefined reference to `dlopen'
collect2: ld returned 1 exit status
configure:9970: $? = 1
configure: failed program was:
| /* confdefs.h.  */
| #define PACKAGE_NAME "libchewing"
| #define PACKAGE_TARNAME "libchewing"
| #define PACKAGE_VERSION "0.3.2"
| #define PACKAGE_STRING "libchewing 0.3.2"
| #define PACKAGE_BUGREPORT "chewing-devel@googlegroups.com"
| #define LIBCHEWING_BINARY_VERSION "1.0.0"
| #define LIBCHEWING_VERSION "0.3.2"
| #define PACKAGE "libchewing"
| #define VERSION "0.3.2"
| #define STDC_HEADERS 1
| #define HAVE_SYS_TYPES_H 1
| #define HAVE_SYS_STAT_H 1
| #define HAVE_STDLIB_H 1
| #define HAVE_STRING_H 1
| #define HAVE_MEMORY_H 1
| #define HAVE_STRINGS_H 1
| #define HAVE_INTTYPES_H 1
| #define HAVE_STDINT_H 1
| #define HAVE_UNISTD_H 1
| #define HAVE_DLFCN_H 1
| #define LT_OBJDIR ".libs/"
| /* end confdefs.h.  */
| /* Define dlopen to an innocuous variant, in case <limits.h> declares dlopen.
|    For example, HP-UX 11i <limits.h> declares gettimeofday.  */
| #define dlopen innocuous_dlopen
| 
| /* System header to define __stub macros and hopefully few prototypes,
|     which can conflict with char dlopen (); below.
|     Prefer <limits.h> to <assert.h> if __STDC__ is defined, since
|     <limits.h> exists even on freestanding compilers.  */
| 
| #ifdef __STDC__
| # include <limits.h>
| #else
| # include <assert.h>
| #endif
| 
| #undef dlopen
| 
| /* Override any GCC internal prototype to avoid an error.
|    Use char because int might match the return type of a GCC
|    builtin and then its argument prototype would still apply.  */
| #ifdef __cplusplus
| extern "C"
| #endif
| char dlopen ();
| /* The GNU C library defines this for functions which it implements
|     to always fail with ENOSYS.  Some functions are actually named
|     something starting with __ and the normal name is an alias.  */
| #if defined __stub_dlopen || defined __stub___dlopen
| choke me
| #endif
| 
| int
| main ()
| {
| return dlopen ();
|   ;
|   return 0;
| }
configure:9987: result: no
configure:9992: checking for dlopen in -ldl
configure:10027: gcc -o conftest -g -O2   conftest.c -ldl -lcurl -lyajl  >&5
configure:10033: $? = 0
configure:10051: result: yes
configure:10220: checking whether a program can dlopen itself
configure:10294: gcc -o conftest -g -O2  -DHAVE_DLFCN_H  -Wl,--export-dynamic conftest.c -ldl -lcurl -lyajl  >&5
configure: In function 'main':
configure:10290: warning: incompatible implicit declaration of built-in function 'exit'
configure:10297: $? = 0
configure:10315: result: yes
configure:10320: checking whether a statically linked program can dlopen itself
configure:10394: gcc -o conftest -g -O2  -DHAVE_DLFCN_H  -Wl,--export-dynamic -static conftest.c -ldl -lcurl -lyajl  >&5
configure: In function 'main':
configure:10390: warning: incompatible implicit declaration of built-in function 'exit'
/tmp/cc6eZW1y.o: In function `main':
/home/king/opensource/citc/configure:10378: warning: Using 'dlopen' in statically linked applications requires at runtime the shared libraries from the glibc version used for linking
/usr/lib/gcc/i686-pc-linux-gnu/4.4.3/../../../../i686-pc-linux-gnu/bin/ld: cannot find -lyajl
collect2: ld returned 1 exit status
configure:10397: $? = 1
configure:10415: result: no
configure:10454: checking whether stripping libraries is possible
configure:10459: result: yes
configure:10494: checking if libtool supports shared libraries
configure:10496: result: yes
configure:10499: checking whether to build shared libraries
configure:10520: result: yes
configure:10523: checking whether to build static libraries
configure:10527: result: yes
configure:10619: checking for gcc
configure:10646: result: gcc
configure:10884: checking for C compiler version
configure:10891: gcc --version >&5
gcc (Gentoo 4.4.3-r2 p1.2) 4.4.3
Copyright (C) 2010 Free Software Foundation, Inc.
This is free software; see the source for copying conditions.  There is NO
warranty; not even for MERCHANTABILITY or FITNESS FOR A PARTICULAR PURPOSE.

configure:10894: $? = 0
configure:10901: gcc -v >&5
Using built-in specs.
Target: i686-pc-linux-gnu
Configured with: /var/tmp/portage/sys-devel/gcc-4.4.3-r2/work/gcc-4.4.3/configure --prefix=/usr --bindir=/usr/i686-pc-linux-gnu/gcc-bin/4.4.3 --includedir=/usr/lib/gcc/i686-pc-linux-gnu/4.4.3/include --datadir=/usr/share/gcc-data/i686-pc-linux-gnu/4.4.3 --mandir=/usr/share/gcc-data/i686-pc-linux-gnu/4.4.3/man --infodir=/usr/share/gcc-data/i686-pc-linux-gnu/4.4.3/info --with-gxx-include-dir=/usr/lib/gcc/i686-pc-linux-gnu/4.4.3/include/g++-v4 --host=i686-pc-linux-gnu --build=i686-pc-linux-gnu --disable-altivec --disable-fixed-point --without-ppl --without-cloog --enable-nls --without-included-gettext --with-system-zlib --disable-werror --enable-secureplt --disable-multilib --enable-libmudflap --disable-libssp --enable-libgomp --with-python-dir=/share/gcc-data/i686-pc-linux-gnu/4.4.3/python --enable-checking=release --disable-libgcj --with-arch=i686 --enable-languages=c,c++,fortran --enable-shared --enable-threads=posix --enable-__cxa_atexit --enable-clocale=gnu --with-bugurl=http://bugs.gentoo.org/ --with-pkgversion='Gentoo 4.4.3-r2 p1.2'
Thread model: posix
gcc version 4.4.3 (Gentoo 4.4.3-r2 p1.2) 
configure:10904: $? = 0
configure:10911: gcc -V >&5
gcc: '-V' option must have argument
configure:10914: $? = 1
configure:10917: checking whether we are using the GNU C compiler
configure:10969: result: yes
configure:10974: checking whether gcc accepts -g
configure:11109: result: yes
configure:11126: checking for gcc option to accept ISO C89
configure:11229: result: none needed
configure:11249: checking dependency style of gcc
configure:11340: result: gcc3
configure:11361: checking for an ANSI C-conforming const
configure:11436: gcc -c -g -O2  conftest.c >&5
configure:11442: $? = 0
configure:11457: result: yes
configure:11471: checking for doxygen
configure:11502: result: no
configure:11523: checking for dot
configure:11539: found /usr/bin/dot
configure:11551: result: YES
configure:11561: checking for dot
configure:11579: found /usr/bin/dot
configure:11591: result: /usr/bin/dot
configure:11602: checking for perl
configure:11620: found /usr/bin/perl
configure:11632: result: /usr/bin/perl
configure:11643: checking for ANSI C header files
configure:11807: result: yes
configure:11824: checking for stdlib.h
configure:11830: result: yes
configure:11824: checking for string.h
configure:11830: result: yes
configure:11824: checking for unistd.h
configure:11830: result: yes
configure:11966: checking for an ANSI C-conforming const
configure:12062: result: yes
configure:12079: checking for stdlib.h
configure:12085: result: yes
configure:12219: checking for GNU libc compatible malloc
configure:12253: gcc -o conftest -g -O2   conftest.c  -lcurl -lyajl  >&5
configure:12256: $? = 0
configure:12262: ./conftest
configure:12265: $? = 0
configure:12281: result: yes
configure:12309: checking for working memcmp
configure:12362: gcc -o conftest -g -O2   conftest.c  -lcurl -lyajl  >&5
configure:12365: $? = 0
configure:12371: ./conftest
configure:12374: $? = 0
configure:12390: result: yes
configure:12408: checking for memchr
configure:12464: gcc -o conftest -g -O2   conftest.c  -lcurl -lyajl  >&5
conftest.c:53: warning: conflicting types for built-in function 'memchr'
configure:12470: $? = 0
configure:12488: result: yes
configure:12408: checking for memmove
configure:12464: gcc -o conftest -g -O2   conftest.c  -lcurl -lyajl  >&5
conftest.c:54: warning: conflicting types for built-in function 'memmove'
configure:12470: $? = 0
configure:12488: result: yes
configure:12408: checking for memset
configure:12464: gcc -o conftest -g -O2   conftest.c  -lcurl -lyajl  >&5
conftest.c:55: warning: conflicting types for built-in function 'memset'
configure:12470: $? = 0
configure:12488: result: yes
configure:12408: checking for mkdir
configure:12464: gcc -o conftest -g -O2   conftest.c  -lcurl -lyajl  >&5
configure:12470: $? = 0
configure:12488: result: yes
configure:12408: checking for strchr
configure:12464: gcc -o conftest -g -O2   conftest.c  -lcurl -lyajl  >&5
conftest.c:57: warning: conflicting types for built-in function 'strchr'
configure:12470: $? = 0
configure:12488: result: yes
configure:12408: checking for strstr
configure:12464: gcc -o conftest -g -O2   conftest.c  -lcurl -lyajl  >&5
conftest.c:58: warning: conflicting types for built-in function 'strstr'
configure:12470: $? = 0
configure:12488: result: yes
configure:12552: checking for pkg-config
configure:12570: found /usr/bin/pkg-config
configure:12582: result: /usr/bin/pkg-config
configure:12611: checking pkg-config is at least version 0.9.0
configure:12614: result: yes
configure:12625: checking for CHECK
configure:12633: $PKG_CONFIG --exists --print-errors "check >= $CHECK_REQUIRED_VERSION"
Package check was not found in the pkg-config search path.
Perhaps you should add the directory containing `check.pc'
to the PKG_CONFIG_PATH environment variable
No package 'check' found
configure:12636: $? = 1
configure:12651: $PKG_CONFIG --exists --print-errors "check >= $CHECK_REQUIRED_VERSION"
Package check was not found in the pkg-config search path.
Perhaps you should add the directory containing `check.pc'
to the PKG_CONFIG_PATH environment variable
No package 'check' found
configure:12654: $? = 1
No package 'check' found
configure:12682: result: no
configure:12789: checking whether the compiler supports GCC Visibility
configure:12817: gcc -c -g -O2  conftest.c >&5
configure:12823: $? = 0
configure:12842: result: yes
configure:13057: creating ./config.status

## ---------------------- ##
## Running config.status. ##
## ---------------------- ##

This file was extended by libchewing config.status 0.3.2, which was
generated by GNU Autoconf 2.61.  Invocation command line was

  CONFIG_FILES    = 
  CONFIG_HEADERS  = 
  CONFIG_LINKS    = 
  CONFIG_COMMANDS = 
  $ ./config.status 

on [Gentoo]Glider-PC

config.status:875: creating Makefile
config.status:875: creating data/Makefile
config.status:875: creating src/Makefile
config.status:875: creating src/porting_layer/Makefile
config.status:875: creating src/porting_layer/src/Makefile
config.status:875: creating src/common/Makefile
config.status:875: creating src/tools/Makefile
config.status:875: creating test/Makefile
config.status:875: creating chewing.pc
config.status:875: creating libchewing.spec
config.status:875: creating Doxyfile
config.status:875: creating include/config.h
config.status:1120: include/config.h is unchanged
config.status:1167: executing depfiles commands
config.status:1167: executing libtool commands
configure:15223: result:
Build options:
  Version                 0.3.2
  Install prefix          /usr
  Enable debug            false
  Enable binary data      yes
  Build Unit Test         
  Build TextUI sample     yes


## ---------------- ##
## Cache variables. ##
## ---------------- ##

ac_cv_build=i686-pc-linux-gnu
ac_cv_c_compiler_gnu=yes
ac_cv_c_const=yes
ac_cv_env_CC_set=
ac_cv_env_CC_value=
ac_cv_env_CFLAGS_set=
ac_cv_env_CFLAGS_value=
ac_cv_env_CHECK_CFLAGS_set=
ac_cv_env_CHECK_CFLAGS_value=
ac_cv_env_CHECK_LIBS_set=
ac_cv_env_CHECK_LIBS_value=
ac_cv_env_CPPFLAGS_set=
ac_cv_env_CPPFLAGS_value=
ac_cv_env_CPP_set=
ac_cv_env_CPP_value=
ac_cv_env_LDFLAGS_set=
ac_cv_env_LDFLAGS_value=
ac_cv_env_LIBS_set=
ac_cv_env_LIBS_value=
ac_cv_env_PKG_CONFIG_set=
ac_cv_env_PKG_CONFIG_value=
ac_cv_env_build_alias_set=
ac_cv_env_build_alias_value=
ac_cv_env_host_alias_set=
ac_cv_env_host_alias_value=
ac_cv_env_target_alias_set=
ac_cv_env_target_alias_value=
ac_cv_func_dlopen=no
ac_cv_func_malloc_0_nonnull=yes
ac_cv_func_memchr=yes
ac_cv_func_memcmp_working=yes
ac_cv_func_memmove=yes
ac_cv_func_memset=yes
ac_cv_func_mkdir=yes
ac_cv_func_shl_load=no
ac_cv_func_strchr=yes
ac_cv_func_strstr=yes
ac_cv_header_dlfcn_h=yes
ac_cv_header_inttypes_h=yes
ac_cv_header_memory_h=yes
ac_cv_header_stdc=yes
ac_cv_header_stdint_h=yes
ac_cv_header_stdlib_h=yes
ac_cv_header_string_h=yes
ac_cv_header_strings_h=yes
ac_cv_header_sys_stat_h=yes
ac_cv_header_sys_types_h=yes
ac_cv_header_unistd_h=yes
ac_cv_host=i686-pc-linux-gnu
ac_cv_lib_dl_dlopen=yes
ac_cv_lib_dld_shl_load=no
ac_cv_objext=o
ac_cv_path_DOT=/usr/bin/dot
ac_cv_path_DOXYGEN=no
ac_cv_path_EGREP='/bin/grep -E'
ac_cv_path_FGREP='/bin/grep -F'
ac_cv_path_GREP=/bin/grep
ac_cv_path_PERL=/usr/bin/perl
ac_cv_path_SED=/bin/sed
ac_cv_path_ac_pt_PKG_CONFIG=/usr/bin/pkg-config
ac_cv_path_install='/usr/bin/install -c'
ac_cv_path_mkdir=/bin/mkdir
ac_cv_prog_AWK=gawk
ac_cv_prog_CPP='gcc -E'
ac_cv_prog_HAVE_GRAPHVIZ=YES
ac_cv_prog_ac_ct_AR=ar
ac_cv_prog_ac_ct_CC=gcc
ac_cv_prog_ac_ct_RANLIB=ranlib
ac_cv_prog_ac_ct_STRIP=strip
ac_cv_prog_cc_c89=
ac_cv_prog_cc_g=yes
ac_cv_prog_make_make_set=yes
am_cv_CC_dependencies_compiler_type=gcc3
lt_cv_deplibs_check_method=pass_all
lt_cv_dlopen=dlopen
lt_cv_dlopen_libs=-ldl
lt_cv_dlopen_self=yes
lt_cv_dlopen_self_static=no
lt_cv_file_magic_cmd='$MAGIC_CMD'
lt_cv_file_magic_test_file=
lt_cv_ld_reload_flag=-r
lt_cv_nm_interface='BSD nm'
lt_cv_objdir=.libs
lt_cv_path_LD=/usr/i686-pc-linux-gnu/bin/ld
lt_cv_path_NM='/usr/bin/nm -B'
lt_cv_prog_compiler_c_o=yes
lt_cv_prog_compiler_pic_works=yes
lt_cv_prog_compiler_rtti_exceptions=no
lt_cv_prog_compiler_static_works=yes
lt_cv_prog_gnu_ld=yes
lt_cv_sys_global_symbol_pipe='sed -n -e '\''s/^.*[	 ]\([ABCDGIRSTW][ABCDGIRSTW]*\)[	 ][	 ]*\([_A-Za-z][_A-Za-z0-9]*\)$/\1 \2 \2/p'\'''
lt_cv_sys_global_symbol_to_c_name_address='sed -n -e '\''s/^: \([^ ]*\) $/  {\"\1\", (void *) 0},/p'\'' -e '\''s/^[ABCDGIRSTW]* \([^ ]*\) \([^ ]*\)$/  {"\2", (void *) \&\2},/p'\'''
lt_cv_sys_global_symbol_to_c_name_address_lib_prefix='sed -n -e '\''s/^: \([^ ]*\) $/  {\"\1\", (void *) 0},/p'\'' -e '\''s/^[ABCDGIRSTW]* \([^ ]*\) \(lib[^ ]*\)$/  {"\2", (void *) \&\2},/p'\'' -e '\''s/^[ABCDGIRSTW]* \([^ ]*\) \([^ ]*\)$/  {"lib\2", (void *) \&\2},/p'\'''
lt_cv_sys_global_symbol_to_cdecl='sed -n -e '\''s/^T .* \(.*\)$/extern int \1();/p'\'' -e '\''s/^[ABCDGIRSTW]* .* \(.*\)$/extern char \1;/p'\'''
lt_cv_sys_max_cmd_len=1572864

## ----------------- ##
## Output variables. ##
## ----------------- ##

ACLOCAL='${SHELL} /home/king/opensource/citc/autotools/missing --run aclocal-1.10'
AMDEPBACKSLASH='\'
AMDEP_FALSE='#'
AMDEP_TRUE=''
AMTAR='${SHELL} /home/king/opensource/citc/autotools/missing --run tar'
AR='ar'
AUTOCONF='${SHELL} /home/king/opensource/citc/autotools/missing --run autoconf'
AUTOHEADER='${SHELL} /home/king/opensource/citc/autotools/missing --run autoheader'
AUTOMAKE='${SHELL} /home/king/opensource/citc/autotools/missing --run automake-1.10'
AWK='gawk'
CC='gcc'
CCDEPMODE='depmode=gcc3'
CFLAGS='-g -O2 -fvisibility=hidden'
CHECK_CFLAGS=''
CHECK_LIBS=''
CPP='gcc -E'
CPPFLAGS=''
CYGPATH_W='echo'
DEFS='-DHAVE_CONFIG_H'
DEPDIR='.deps'
DOT='/usr/bin/dot'
DOXYGEN='no'
DSYMUTIL=''
DUMPBIN=''
ECHO_C=''
ECHO_N='-n'
ECHO_T=''
EGREP='/bin/grep -E'
ENABLE_BINARY_DATA=''
ENABLE_BINARY_DATA_FALSE='#'
ENABLE_BINARY_DATA_TRUE=''
ENABLE_TEXT_UI_FALSE='#'
ENABLE_TEXT_UI_TRUE=''
ENABLE_UNIT_TEST_FALSE=''
ENABLE_UNIT_TEST_TRUE='#'
EXEEXT=''
FGREP='/bin/grep -F'
GREP='/bin/grep'
HAVE_DOXYGEN_FALSE=''
HAVE_DOXYGEN_TRUE='#'
HAVE_GRAPHVIZ='YES'
INSTALL_DATA='${INSTALL} -m 644'
INSTALL_PROGRAM='${INSTALL}'
INSTALL_SCRIPT='${INSTALL}'
INSTALL_STRIP_PROGRAM='$(install_sh) -c -s'
LD='/usr/i686-pc-linux-gnu/bin/ld'
LDFLAGS=''
LIBCHEWING_AGE='0'
LIBCHEWING_BINARY_VERSION='1.0.0'
LIBCHEWING_CURRENT='3'
LIBCHEWING_REVISION='1'
LIBDEBUG='false'
LIBOBJS=''
LIBS=' -lcurl -lyajl '
LIBTOOL='$(SHELL) $(top_builddir)/libtool'
LIBTOOL_DEPS='autotools/ltmain.sh'
LIBTOOL_EXPORT_OPTIONS='-export-symbols-regex "^[^_].*"'
LN_S='ln -s'
LTLIBOBJS=''
MAKEINFO='${SHELL} /home/king/opensource/citc/autotools/missing --run makeinfo'
NCURSESW_CFLAGS='-I/usr/include'
NCURSESW_LIBS='-L/usr/lib -lncursesw'
NM='/usr/bin/nm -B'
NMEDIT=''
OBJEXT='o'
PACKAGE='libchewing'
PACKAGE_BUGREPORT='chewing-devel@googlegroups.com'
PACKAGE_NAME='libchewing'
PACKAGE_STRING='libchewing 0.3.2'
PACKAGE_TARNAME='libchewing'
PACKAGE_VERSION='0.3.2'
PATH_SEPARATOR=':'
PERL='/usr/bin/perl'
PKG_CONFIG='/usr/bin/pkg-config'
RANLIB='ranlib'
SED='/bin/sed'
SET_MAKE=''
SHELL='/bin/sh'
STRIP='strip'
VERSION='0.3.2'
ac_ct_CC='gcc'
ac_ct_DUMPBIN=''
am__fastdepCC_FALSE='#'
am__fastdepCC_TRUE=''
am__include='include'
am__isrc=''
am__leading_dot='.'
am__quote=''
am__tar='${AMTAR} chof - "$$tardir"'
am__untar='${AMTAR} xf -'
bindir='${exec_prefix}/bin'
build='i686-pc-linux-gnu'
build_alias=''
build_cpu='i686'
build_os='linux-gnu'
build_vendor='pc'
datadir='${datarootdir}'
datarootdir='${prefix}/share'
docdir='${datarootdir}/doc/${PACKAGE_TARNAME}'
dvidir='${docdir}'
exec_prefix='${prefix}'
host='i686-pc-linux-gnu'
host_alias=''
host_cpu='i686'
host_os='linux-gnu'
host_vendor='pc'
htmldir='${docdir}'
includedir='${prefix}/include'
infodir='${datarootdir}/info'
install_sh='$(SHELL) /home/king/opensource/citc/autotools/install-sh'
libdir='${exec_prefix}/lib'
libexecdir='${exec_prefix}/libexec'
localedir='${datarootdir}/locale'
localstatedir='${prefix}/var'
lt_ECHO='echo'
mandir='${datarootdir}/man'
mkdir_p='/bin/mkdir -p'
oldincludedir='/usr/include'
pdfdir='${docdir}'
prefix='/usr'
program_transform_name='s,x,x,'
psdir='${docdir}'
sbindir='${exec_prefix}/sbin'
sharedstatedir='${prefix}/com'
sysconfdir='${prefix}/etc'
target_alias=''

## ----------- ##
## confdefs.h. ##
## ----------- ##

#define PACKAGE_NAME "libchewing"
#define PACKAGE_TARNAME "libchewing"
#define PACKAGE_VERSION "0.3.2"
#define PACKAGE_STRING "libchewing 0.3.2"
#define PACKAGE_BUGREPORT "chewing-devel@googlegroups.com"
#define LIBCHEWING_BINARY_VERSION "1.0.0"
#define LIBCHEWING_VERSION "0.3.2"
#define PACKAGE "libchewing"
#define VERSION "0.3.2"
#define STDC_HEADERS 1
#define HAVE_SYS_TYPES_H 1
#define HAVE_SYS_STAT_H 1
#define HAVE_STDLIB_H 1
#define HAVE_STRING_H 1
#define HAVE_MEMORY_H 1
#define HAVE_STRINGS_H 1
#define HAVE_INTTYPES_H 1
#define HAVE_STDINT_H 1
#define HAVE_UNISTD_H 1
#define HAVE_DLFCN_H 1
#define LT_OBJDIR ".libs/"
#define STDC_HEADERS 1
#define HAVE_STDLIB_H 1
#define HAVE_STRING_H 1
#define HAVE_UNISTD_H 1
#define HAVE_STDLIB_H 1
#define HAVE_MALLOC 1
#define HAVE_MEMCHR 1
#define HAVE_MEMMOVE 1
#define HAVE_MEMSET 1
#define HAVE_MKDIR 1
#define HAVE_STRCHR 1
#define HAVE_STRSTR 1
#define HAVE_NCURSESW_NCURSES_H 1
#define USE_BINARY_DATA 1
#define UNDER_POSIX 1

configure: exit 0
